2016-12-15 21:26:40.058 ERROR ExportReport.Eexport: message:无法连接从端
2016-12-15 21:26:40.227 ERROR ExportReport.Eexport: message:tcp打开失败无法访问已释放的对象。
对象名:“System.Net.Sockets.TcpClient”。
source:System
StackTrace:   在 System.Net.Sockets.TcpClient.GetStream()
   在 Modbus.IO.TcpClientAdapter.set_ReadTimeout(Int32 value)
   在 Modbus.IO.ModbusTransport.set_ReadTimeout(Int32 value)
   在 SysDetection.Common.TcpConnection.Connect() 位置 f:\建科院\建筑围护结构热工性能采集处理系统\Code\SysDetection\SysDetection\Common\TcpConnection1.cs:行号 92
2016-12-15 21:31:45.564 ERROR WordUtility.GenerateWordByBookmarks(): message:Word 无法保存或创建此文件。请确定要用于保存此文件的磁盘未满、未受写保护且未被破坏。 (C:\门窗检验报告_20160701-337.doc)
source:Microsoft Word
StackTrace:   在 Microsoft.Office.Interop.Word.DocumentClass.SaveAs(Object& FileName, Object& FileFormat, Object& LockComments, Object& Password, Object& AddToRecentFiles, Object& WritePassword, Object& ReadOnlyRecommended, Object& EmbedTrueTypeFonts, Object& SaveNativePictureFormat, Object& SaveFormsData, Object& SaveAsAOCELetter, Object& Encoding, Object& InsertLineBreaks, Object& AllowSubstitutions, Object& LineEnding, Object& AddBiDiMarks)
   在 Jky.Public.Common.WordUtility.GenerateWordByBookmarks(Dictionary`2 dc) 位置 f:\建科院\建筑围护结构热工性能采集处理系统\Code\Jky.2.0.setup\Jky.2.0.setup\Jky.Public\Common\WordUtility.cs:行号 123
2016-12-15 21:39:55.363 ERROR ExportReport.Eexport: message:无法连接从端
2016-12-15 21:39:55.441 ERROR ExportReport.Eexport: message:tcp打开失败无法访问已释放的对象。
对象名:“System.Net.Sockets.TcpClient”。
source:System
StackTrace:   在 System.Net.Sockets.TcpClient.GetStream()
   在 Modbus.IO.TcpClientAdapter.set_ReadTimeout(Int32 value)
   在 Modbus.IO.ModbusTransport.set_ReadTimeout(Int32 value)
   在 SysDetection.Common.TcpConnection.Connect() 位置 f:\建科院\建筑围护结构热工性能采集处理系统\Code\SysDetection\SysDetection\Common\TcpConnection1.cs:行号 92
2016-12-15 21:40:25.946 ERROR ExportReport.Eexport: message:输入字符串的格式不正确。
source:mscorlib
StackTrace:   在 System.Number.ParseDouble(String value, NumberStyles options, NumberFormatInfo numfmt)
   在 System.Double.Parse(String s)
   在 SysDetection.Detection.ExportReport.Get_QMLevel(Model_dt_Settings settings) 位置 f:\建科院\建筑围护结构热工性能采集处理系统\Code\SysDetection\SysDetection\Detection\ExportReport.cs:行号 393
   在 SysDetection.Detection.ExportReport.GetDWDetectionReport(Model_dt_Settings settings) 位置 f:\建科院\建筑围护结构热工性能采集处理系统\Code\SysDetection\SysDetection\Detection\ExportReport.cs:行号 253
   在 SysDetection.Detection.ExportReport.Eexport(String fileName) 位置 f:\建科院\建筑围护结构热工性能采集处理系统\Code\SysDetection\SysDetection\Detection\ExportReport.cs:行号 91
2016-12-15 21:40:54.285 ERROR ExportReport.Eexport: message:输入字符串的格式不正确。
source:mscorlib
StackTrace:   在 System.Number.ParseDouble(String value, NumberStyles options, NumberFormatInfo numfmt)
   在 System.Double.Parse(String s)
   在 SysDetection.Detection.ExportReport.Get_QMLevel(Model_dt_Settings settings) 位置 f:\建科院\建筑围护结构热工性能采集处理系统\Code\SysDetection\SysDetection\Detection\ExportReport.cs:行号 393
   在 SysDetection.Detection.ExportReport.GetDWDetectionReport(Model_dt_Settings settings) 位置 f:\建科院\建筑围护结构热工性能采集处理系统\Code\SysDetection\SysDetection\Detection\ExportReport.cs:行号 253
   在 SysDetection.Detection.ExportReport.Eexport(String fileName) 位置 f:\建科院\建筑围护结构热工性能采集处理系统\Code\SysDetection\SysDetection\Detection\ExportReport.cs:行号 91
2016-12-15 21:41:55.902 ERROR ExportReport.Eexport: message:输入字符串的格式不正确。
source:mscorlib
StackTrace:   在 System.Number.ParseDouble(String value, NumberStyles options, NumberFormatInfo numfmt)
   在 System.Double.Parse(String s)
   在 SysDetection.Detection.ExportReport.Get_QMLevel(Model_dt_Settings settings) 位置 f:\建科院\建筑围护结构热工性能采集处理系统\Code\SysDetection\SysDetection\Detection\ExportReport.cs:行号 393
   在 SysDetection.Detection.ExportReport.GetDWDetectionReport(Model_dt_Settings settings) 位置 f:\建科院\建筑围护结构热工性能采集处理系统\Code\SysDetection\SysDetection\Detection\ExportReport.cs:行号 253
   在 SysDetection.Detection.ExportReport.Eexport(String fileName) 位置 f:\建科院\建筑围护结构热工性能采集处理系统\Code\SysDetection\SysDetection\Detection\ExportReport.cs:行号 91
2016-12-15 21:44:08.718 ERROR ExportReport.Eexport: message:无法连接从端
2016-12-15 21:44:08.797 ERROR ExportReport.Eexport: message:tcp打开失败无法访问已释放的对象。
对象名:“System.Net.Sockets.TcpClient”。
source:System
StackTrace:   在 System.Net.Sockets.TcpClient.GetStream()
   在 Modbus.IO.TcpClientAdapter.set_ReadTimeout(Int32 value)
   在 Modbus.IO.ModbusTransport.set_ReadTimeout(Int32 value)
   在 SysDetection.Common.TcpConnection.Connect() 位置 f:\建科院\建筑围护结构热工性能采集处理系统\Code\SysDetection\SysDetection\Common\TcpConnection1.cs:行号 92
2016-12-15 21:50:02.168 ERROR ExportReport.Eexport: message:输入字符串的格式不正确。
source:mscorlib
StackTrace:   在 System.Number.StringToNumber(String str, NumberStyles options, NumberBuffer& number, NumberFormatInfo info, Boolean parseDecimal)
   在 System.Number.ParseInt32(String s, NumberStyles style, NumberFormatInfo info)
   在 System.Int32.Parse(String s)
   在 SysDetection.Detection.ExportReport.Get_SMLevel(Model_dt_Settings settings) 位置 f:\建科院\建筑围护结构热工性能采集处理系统\Code\SysDetection\SysDetection\Detection\ExportReport.cs:行号 333
   在 SysDetection.Detection.ExportReport.GetDWDetectionReport(Model_dt_Settings settings) 位置 f:\建科院\建筑围护结构热工性能采集处理系统\Code\SysDetection\SysDetection\Detection\ExportReport.cs:行号 263
   在 SysDetection.Detection.ExportReport.Eexport(String fileName) 位置 f:\建科院\建筑围护结构热工性能采集处理系统\Code\SysDetection\SysDetection\Detection\ExportReport.cs:行号 91
2016-12-15 21:51:17.885 ERROR ExportReport.Eexport: message:输入字符串的格式不正确。
source:mscorlib
StackTrace:   在 System.Number.StringToNumber(String str, NumberStyles options, NumberBuffer& number, NumberFormatInfo info, Boolean parseDecimal)
   在 System.Number.ParseInt32(String s, NumberStyles style, NumberFormatInfo info)
   在 System.Int32.Parse(String s)
   在 SysDetection.Detection.ExportReport.Get_SMLevel(Model_dt_Settings settings) 位置 f:\建科院\建筑围护结构热工性能采集处理系统\Code\SysDetection\SysDetection\Detection\ExportReport.cs:行号 333
   在 SysDetection.Detection.ExportReport.GetDWDetectionReport(Model_dt_Settings settings) 位置 f:\建科院\建筑围护结构热工性能采集处理系统\Code\SysDetection\SysDetection\Detection\ExportReport.cs:行号 263
   在 SysDetection.Detection.ExportReport.Eexport(String fileName) 位置 f:\建科院\建筑围护结构热工性能采集处理系统\Code\SysDetection\SysDetection\Detection\ExportReport.cs:行号 91
2016-12-15 21:51:41.190 ERROR ExportReport.Eexport: message:输入字符串的格式不正确。
source:mscorlib
StackTrace:   在 System.Number.StringToNumber(String str, NumberStyles options, NumberBuffer& number, NumberFormatInfo info, Boolean parseDecimal)
   在 System.Number.ParseInt32(String s, NumberStyles style, NumberFormatInfo info)
   在 System.Int32.Parse(String s)
   在 SysDetection.Detection.ExportReport.Get_SMLevel(Model_dt_Settings settings) 位置 f:\建科院\建筑围护结构热工性能采集处理系统\Code\SysDetection\SysDetection\Detection\ExportReport.cs:行号 333
   在 SysDetection.Detection.ExportReport.GetDWDetectionReport(Model_dt_Settings settings) 位置 f:\建科院\建筑围护结构热工性能采集处理系统\Code\SysDetection\SysDetection\Detection\ExportReport.cs:行号 263
   在 SysDetection.Detection.ExportReport.Eexport(String fileName) 位置 f:\建科院\建筑围护结构热工性能采集处理系统\Code\SysDetection\SysDetection\Detection\ExportReport.cs:行号 91
2016-12-15 21:54:53.126 ERROR ExportReport.Eexport: message:无法连接从端
2016-12-15 21:54:53.212 ERROR ExportReport.Eexport: message:tcp打开失败无法访问已释放的对象。
对象名:“System.Net.Sockets.TcpClient”。
source:System
StackTrace:   在 System.Net.Sockets.TcpClient.GetStream()
   在 Modbus.IO.TcpClientAdapter.set_ReadTimeout(Int32 value)
   在 Modbus.IO.ModbusTransport.set_ReadTimeout(Int32 value)
   在 SysDetection.Common.TcpConnection.Connect() 位置 f:\建科院\建筑围护结构热工性能采集处理系统\Code\SysDetection\SysDetection\Common\TcpConnection1.cs:行号 92
2016-12-15 21:56:00.635 ERROR ExportReport.Eexport: message:无法连接从端
2016-12-15 21:56:00.692 ERROR ExportReport.Eexport: message:tcp打开失败无法访问已释放的对象。
对象名:“System.Net.Sockets.TcpClient”。
source:System
StackTrace:   在 System.Net.Sockets.TcpClient.GetStream()
   在 Modbus.IO.TcpClientAdapter.set_ReadTimeout(Int32 value)
   在 Modbus.IO.ModbusTransport.set_ReadTimeout(Int32 value)
   在 SysDetection.Common.TcpConnection.Connect() 位置 f:\建科院\建筑围护结构热工性能采集处理系统\Code\SysDetection\SysDetection\Common\TcpConnection1.cs:行号 92
2016-12-15 21:56:23.996 ERROR ExportReport.Eexport: message:输入字符串的格式不正确。
source:mscorlib
StackTrace:   在 System.Number.StringToNumber(String str, NumberStyles options, NumberBuffer& number, NumberFormatInfo info, Boolean parseDecimal)
   在 System.Number.ParseInt32(String s, NumberStyles style, NumberFormatInfo info)
   在 System.Int32.Parse(String s)
   在 SysDetection.Detection.ExportReport.Get_SMYL(Model_dt_Settings settings) 位置 f:\建科院\建筑围护结构热工性能采集处理系统\Code\SysDetection\SysDetection\Detection\ExportReport.cs:行号 379
   在 SysDetection.Detection.ExportReport.GetDWDetectionReport(Model_dt_Settings settings) 位置 f:\建科院\建筑围护结构热工性能采集处理系统\Code\SysDetection\SysDetection\Detection\ExportReport.cs:行号 264
   在 SysDetection.Detection.ExportReport.Eexport(String fileName) 位置 f:\建科院\建筑围护结构热工性能采集处理系统\Code\SysDetection\SysDetection\Detection\ExportReport.cs:行号 91
2016-12-15 21:56:42.859 ERROR ExportReport.Eexport: message:输入字符串的格式不正确。
source:mscorlib
StackTrace:   在 System.Number.StringToNumber(String str, NumberStyles options, NumberBuffer& number, NumberFormatInfo info, Boolean parseDecimal)
   在 System.Number.ParseInt32(String s, NumberStyles style, NumberFormatInfo info)
   在 System.Int32.Parse(String s)
   在 SysDetection.Detection.ExportReport.Get_SMYL(Model_dt_Settings settings) 位置 f:\建科院\建筑围护结构热工性能采集处理系统\Code\SysDetection\SysDetection\Detection\ExportReport.cs:行号 379
   在 SysDetection.Detection.ExportReport.GetDWDetectionReport(Model_dt_Settings settings) 位置 f:\建科院\建筑围护结构热工性能采集处理系统\Code\SysDetection\SysDetection\Detection\ExportReport.cs:行号 264
   在 SysDetection.Detection.ExportReport.Eexport(String fileName) 位置 f:\建科院\建筑围护结构热工性能采集处理系统\Code\SysDetection\SysDetection\Detection\ExportReport.cs:行号 91
2016-12-15 21:58:08.866 ERROR ExportReport.Eexport: message:无法连接从端
2016-12-15 21:58:08.946 ERROR ExportReport.Eexport: message:tcp打开失败无法访问已释放的对象。
对象名:“System.Net.Sockets.TcpClient”。
source:System
StackTrace:   在 System.Net.Sockets.TcpClient.GetStream()
   在 Modbus.IO.TcpClientAdapter.set_ReadTimeout(Int32 value)
   在 Modbus.IO.ModbusTransport.set_ReadTimeout(Int32 value)
   在 SysDetection.Common.TcpConnection.Connect() 位置 f:\建科院\建筑围护结构热工性能采集处理系统\Code\SysDetection\SysDetection\Common\TcpConnection1.cs:行号 92
