2018-03-12 15:22:44.645 ERROR ExportReport.Eexport: message:无法连接从端
2018-03-12 15:22:44.742 ERROR ExportReport.Eexport: message:tcp打开失败无法访问已释放的对象。
对象名:“System.Net.Sockets.TcpClient”。
source:System
StackTrace:   在 System.Net.Sockets.TcpClient.GetStream()
   在 Modbus.IO.TcpClientAdapter.set_ReadTimeout(Int32 value)
   在 Modbus.IO.ModbusTransport.set_ReadTimeout(Int32 value)
   在 text.doors.Common.TcpConnection.Connect() 位置 F:\jky\jky.project\text.doors\Common\TcpConnection.cs:行号 88
2018-03-12 15:37:29.070 ERROR ExportReport.Eexport: message:无法连接从端
2018-03-12 15:37:29.100 ERROR ExportReport.Eexport: message:tcp打开失败无法访问已释放的对象。
对象名:“System.Net.Sockets.TcpClient”。
source:System
StackTrace:   在 System.Net.Sockets.TcpClient.GetStream()
   在 Modbus.IO.TcpClientAdapter.set_ReadTimeout(Int32 value)
   在 Modbus.IO.ModbusTransport.set_ReadTimeout(Int32 value)
   在 text.doors.Common.TcpConnection.Connect() 位置 F:\jky\jky.project\text.doors\Common\TcpConnection.cs:行号 88
2018-03-12 17:10:56.235 ERROR ExportReport.Eexport: message:无法连接从端
2018-03-12 17:10:56.284 ERROR ExportReport.Eexport: message:tcp打开失败无法访问已释放的对象。
对象名:“System.Net.Sockets.TcpClient”。
source:System
StackTrace:   在 System.Net.Sockets.TcpClient.GetStream()
   在 Modbus.IO.TcpClientAdapter.set_ReadTimeout(Int32 value)
   在 Modbus.IO.ModbusTransport.set_ReadTimeout(Int32 value)
   在 text.doors.Common.TcpConnection.Connect() 位置 F:\jky\jky.project\text.doors\Common\TcpConnection.cs:行号 89
